<?xml version="1.0" encoding="UTF-8"?>
<!-- Generated by org.testng.reporters.JUnitReportReporter -->
<testsuite hostname="DMatrix" failures="0" tests="1" name="dinitigroup.UITest" time="11.548" errors="0" timestamp="2023-11-26T12:59:48 IST" skipped="0">
  <testcase classname="dinitigroup.UITest" name="startBrowser" time="11.548"/>
  <system-out/>
</testsuite> <!-- dinitigroup.UITest -->
