<?xml version="1.0" encoding="UTF-8"?>
<!-- Generated by org.testng.reporters.JUnitReportReporter -->
<testsuite hostname="DMatrix" failures="0" tests="1" name="dinitigroup.UITest" time="12.919" errors="0" timestamp="2023-11-26T14:41:27 IST" skipped="0">
  <testcase classname="dinitigroup.UITest" name="startBrowser" time="12.919"/>
  <system-out/>
</testsuite> <!-- dinitigroup.UITest -->
